<?xml version="1.0" encoding="UTF-8"?>
<!-- Generated by org.testng.reporters.JUnitXMLReporter -->
<testsuite ignored="0" hostname="POOLW42SLPC7775" failures="0" tests="11" name="QuestionFive_TestCases" time="327.304" errors="0" timestamp="2022-12-09T17:28:24 IST">
  <testcase classname="TestCases_5.QuestionFive_TestCases" name="validCouponLetters" time="18.598"/>
  <testcase classname="TestCases_5.QuestionFive_TestCases" name="validCouponNumbers" time="25.999"/>
  <testcase classname="TestCases_5.QuestionFive_TestCases" name="validCouponNumbersSpacesAndLetters" time="15.355"/>
  <testcase classname="TestCases_5.QuestionFive_TestCases" name="validCouponExisting" time="19.803"/>
  <testcase classname="TestCases_5.QuestionFive_TestCases" name="InvalidCouponSpaces" time="21.491"/>
  <testcase classname="TestCases_5.QuestionFive_TestCases" name="InvalidCouponBlank" time="15.425"/>
  <testcase classname="TestCases_5.QuestionFive_TestCases" name="InvalidCouponSpecCharsOnly" time="15.298"/>
  <testcase classname="TestCases_5.QuestionFive_TestCases" name="InvalidCouponInsufficient" time="17.363"/>
  <testcase classname="TestCases_5.QuestionFive_TestCases" name="InvalidCouponMoreCharacters" time="16.22"/>
  <testcase classname="TestCases_5.QuestionFive_TestCases" name="InvalidCouponSpecCharsAndLetters" time="15.589"/>
  <testcase classname="TestCases_5.QuestionFive_TestCases" name="InvalidCouponSpecCharsAndNumbers" time="17.516"/>
</testsuite> <!-- QuestionFive_TestCases -->
