<?xml version="1.0" encoding="UTF-8"?>
<testng-results ignored="0" total="2" passed="2" failed="0" skipped="0">
  <reporter-output>
  </reporter-output>
  <suite started-at="2022-12-09T18:42:23 IST" name="Default suite" finished-at="2022-12-09T18:42:28 IST" duration-ms="4769">
    <groups>
    </groups>
    <test started-at="2022-12-09T18:42:23 IST" name="Default test" finished-at="2022-12-09T18:42:28 IST" duration-ms="4769">
      <class name="ApiPOST_TestCases_Ques10.QuestionTen">
        <test-method is-config="true" signature="setSpecification()[pri:0, instance:ApiPOST_TestCases_Ques10.QuestionTen@47caedad]" started-at="2022-12-09T18:42:23 IST" name="setSpecification" finished-at="2022-12-09T18:42:24 IST" duration-ms="1125" status="PASS">
          <reporter-output>
          </reporter-output>
        </test-method> <!-- setSpecification -->
        <test-method signature="Valid_loginuser()[pri:1, instance:ApiPOST_TestCases_Ques10.QuestionTen@47caedad]" started-at="2022-12-09T18:42:24 IST" name="Valid_loginuser" finished-at="2022-12-09T18:42:28 IST" duration-ms="3132" status="PASS">
          <reporter-output>
          </reporter-output>
        </test-method> <!-- Valid_loginuser -->
        <test-method is-config="true" signature="tearDown()[pri:0, instance:ApiPOST_TestCases_Ques10.QuestionTen@47caedad]" started-at="2022-12-09T18:42:28 IST" name="tearDown" finished-at="2022-12-09T18:42:28 IST" duration-ms="1" status="PASS">
          <reporter-output>
          </reporter-output>
        </test-method> <!-- tearDown -->
        <test-method signature="blank()[pri:2, instance:ApiPOST_TestCases_Ques10.QuestionTen@47caedad]" started-at="2022-12-09T18:42:28 IST" name="blank" finished-at="2022-12-09T18:42:28 IST" duration-ms="458" status="PASS">
          <reporter-output>
          </reporter-output>
        </test-method> <!-- blank -->
        <test-method is-config="true" signature="tearDown()[pri:0, instance:ApiPOST_TestCases_Ques10.QuestionTen@47caedad]" started-at="2022-12-09T18:42:28 IST" name="tearDown" finished-at="2022-12-09T18:42:28 IST" duration-ms="0" status="PASS">
          <reporter-output>
          </reporter-output>
        </test-method> <!-- tearDown -->
        <test-method is-config="true" signature="closeReport()[pri:0, instance:ApiPOST_TestCases_Ques10.QuestionTen@47caedad]" started-at="2022-12-09T18:42:28 IST" name="closeReport" finished-at="2022-12-09T18:42:28 IST" duration-ms="0" status="PASS">
          <reporter-output>
          </reporter-output>
        </test-method> <!-- closeReport -->
      </class> <!-- ApiPOST_TestCases_Ques10.QuestionTen -->
    </test> <!-- Default test -->
  </suite> <!-- Default suite -->
</testng-results>
